Start testing: Apr 03 07:04 Central Europe Daylight Time
----------------------------------------------------------
1/1 Testing: pathflow_qc_core_tests
1/1 Test: pathflow_qc_core_tests
Command: "G:/1gregorigin/UPWORK REPLIES/PathFlowGuard2026/build/cpp/Release/pathflow_qc_core_tests.exe"
Directory: G:/1gregorigin/UPWORK REPLIES/PathFlowGuard2026/build/cpp
"pathflow_qc_core_tests" start time: Apr 03 07:04 Central Europe Daylight Time
Output:
----------------------------------------------------------
All qc-core tests passed
<end of output>
Test time =   0.02 sec
----------------------------------------------------------
Test Passed.
"pathflow_qc_core_tests" end time: Apr 03 07:04 Central Europe Daylight Time
"pathflow_qc_core_tests" time elapsed: 00:00:00
----------------------------------------------------------

End testing: Apr 03 07:04 Central Europe Daylight Time
